{"/home/maurice/dev/secure-cookies/index.js":{"path":"/home/maurice/dev/secure-cookies/index.js","s":{"1":3,"2":1,"3":3,"4":3,"5":1,"6":3,"7":2,"8":3,"9":3},"b":{"1":[1,2],"2":[2,1]},"f":{"1":3},"fnMap":{"1":{"name":"createSecureCookies","line":5,"loc":{"start":{"line":5,"column":0},"end":{"line":5,"column":37}}}},"statementMap":{"1":{"start":{"line":1,"column":0},"end":{"line":3,"column":39}},"2":{"start":{"line":5,"column":0},"end":{"line":20,"column":1}},"3":{"start":{"line":6,"column":4},"end":{"line":6,"column":15}},"4":{"start":{"line":8,"column":4},"end":{"line":10,"column":5}},"5":{"start":{"line":9,"column":8},"end":{"line":9,"column":21}},"6":{"start":{"line":12,"column":4},"end":{"line":14,"column":5}},"7":{"start":{"line":13,"column":8},"end":{"line":13,"column":51}},"8":{"start":{"line":16,"column":4},"end":{"line":19,"column":6}},"9":{"start":{"line":22,"column":0},"end":{"line":22,"column":37}}},"branchMap":{"1":{"line":8,"type":"if","locations":[{"start":{"line":8,"column":4},"end":{"line":8,"column":4}},{"start":{"line":8,"column":4},"end":{"line":8,"column":4}}]},"2":{"line":12,"type":"if","locations":[{"start":{"line":12,"column":4},"end":{"line":12,"column":4}},{"start":{"line":12,"column":4},"end":{"line":12,"column":4}}]}}},"/home/maurice/dev/secure-cookies/getCookie.js":{"path":"/home/maurice/dev/secure-cookies/getCookie.js","s":{"1":3,"2":1,"3":2,"4":2,"5":2,"6":2,"7":3},"b":{"1":[2,0],"2":[1,1]},"f":{"1":2},"fnMap":{"1":{"name":"getCookie","line":3,"loc":{"start":{"line":3,"column":0},"end":{"line":3,"column":70}}}},"statementMap":{"1":{"start":{"line":1,"column":0},"end":{"line":1,"column":33}},"2":{"start":{"line":3,"column":0},"end":{"line":13,"column":1}},"3":{"start":{"line":4,"column":4},"end":{"line":6,"column":15}},"4":{"start":{"line":8,"column":4},"end":{"line":10,"column":5}},"5":{"start":{"line":9,"column":8},"end":{"line":9,"column":70}},"6":{"start":{"line":12,"column":4},"end":{"line":12,"column":18}},"7":{"start":{"line":15,"column":0},"end":{"line":15,"column":27}}},"branchMap":{"1":{"line":8,"type":"if","locations":[{"start":{"line":8,"column":4},"end":{"line":8,"column":4}},{"start":{"line":8,"column":4},"end":{"line":8,"column":4}}]},"2":{"line":9,"type":"cond-expr","locations":[{"start":{"line":9,"column":37},"end":{"line":9,"column":59}},{"start":{"line":9,"column":62},"end":{"line":9,"column":68}}]}}},"/home/maurice/dev/secure-cookies/setCookie.js":{"path":"/home/maurice/dev/secure-cookies/setCookie.js","s":{"1":3,"2":1,"3":2,"4":2,"5":1,"6":2,"7":0,"8":2,"9":2,"10":2,"11":3},"b":{"1":[2,0],"2":[1,1],"3":[2,1],"4":[0,2]},"f":{"1":2},"fnMap":{"1":{"name":"setCookie","line":3,"loc":{"start":{"line":3,"column":0},"end":{"line":3,"column":85}}}},"statementMap":{"1":{"start":{"line":1,"column":0},"end":{"line":1,"column":33}},"2":{"start":{"line":3,"column":0},"end":{"line":19,"column":1}},"3":{"start":{"line":4,"column":4},"end":{"line":5,"column":61}},"4":{"start":{"line":7,"column":4},"end":{"line":9,"column":5}},"5":{"start":{"line":8,"column":8},"end":{"line":8,"column":48}},"6":{"start":{"line":11,"column":4},"end":{"line":13,"column":5}},"7":{"start":{"line":12,"column":8},"end":{"line":12,"column":21}},"8":{"start":{"line":15,"column":4},"end":{"line":15,"column":47}},"9":{"start":{"line":16,"column":4},"end":{"line":16,"column":55}},"10":{"start":{"line":18,"column":4},"end":{"line":18,"column":49}},"11":{"start":{"line":21,"column":0},"end":{"line":21,"column":27}}},"branchMap":{"1":{"line":5,"type":"cond-expr","locations":[{"start":{"line":5,"column":28},"end":{"line":5,"column":48}},{"start":{"line":5,"column":51},"end":{"line":5,"column":60}}]},"2":{"line":7,"type":"if","locations":[{"start":{"line":7,"column":4},"end":{"line":7,"column":4}},{"start":{"line":7,"column":4},"end":{"line":7,"column":4}}]},"3":{"line":7,"type":"binary-expr","locations":[{"start":{"line":7,"column":7},"end":{"line":7,"column":13}},{"start":{"line":7,"column":17},"end":{"line":7,"column":27}}]},"4":{"line":11,"type":"if","locations":[{"start":{"line":11,"column":4},"end":{"line":11,"column":4}},{"start":{"line":11,"column":4},"end":{"line":11,"column":4}}]}}}}