TN:
SF:/home/maurice/dev/secure-cookies/index.js
FN:5,createSecureCookies
FNF:1
FNH:1
FNDA:3,createSecureCookies
DA:1,3
DA:5,1
DA:6,3
DA:8,3
DA:9,1
DA:12,3
DA:13,2
DA:16,3
DA:22,3
LF:9
LH:9
BRDA:8,1,0,1
BRDA:8,1,1,2
BRDA:12,2,0,2
BRDA:12,2,1,1
BRF:4
BRH:4
end_of_record
TN:
SF:/home/maurice/dev/secure-cookies/getCookie.js
FN:3,getCookie
FNF:1
FNH:1
FNDA:2,getCookie
DA:1,3
DA:3,1
DA:4,2
DA:8,2
DA:9,2
DA:12,2
DA:15,3
LF:7
LH:7
BRDA:8,1,0,2
BRDA:8,1,1,0
BRDA:9,2,0,1
BRDA:9,2,1,1
BRF:4
BRH:3
end_of_record
TN:
SF:/home/maurice/dev/secure-cookies/setCookie.js
FN:3,setCookie
FNF:1
FNH:1
FNDA:2,setCookie
DA:1,3
DA:3,1
DA:4,2
DA:7,2
DA:8,1
DA:11,2
DA:12,0
DA:15,2
DA:16,2
DA:18,2
DA:21,3
LF:11
LH:10
BRDA:5,1,0,2
BRDA:5,1,1,0
BRDA:7,2,0,1
BRDA:7,2,1,1
BRDA:7,3,0,2
BRDA:7,3,1,1
BRDA:11,4,0,0
BRDA:11,4,1,2
BRF:8
BRH:6
end_of_record
